I, [2024-08-16T18:04:22.394609 #83439]  INFO -- : 
Request: GET /tests
Handler: TestsController#index
Parameters: {}
Response: 200 [text/html] tests/index.html.erb

I, [2024-08-16T18:04:32.943443 #83439]  INFO -- : 
Request: GET /tests
Handler: TestsController#index
Parameters: {}
Response: 200 [text/html] tests/index.html.erb

I, [2024-08-16T18:04:33.795183 #83439]  INFO -- : 
Request: GET /
Handler: TestsController#index
Parameters: {}
Response: 200 [text/html] tests/index.html.erb

I, [2024-08-16T18:04:36.132634 #83439]  INFO -- : 
Request: GET /menu
Handler: TestsController#index
Parameters: {}
Response: 200 [text/html] tests/index.html.erb

I, [2024-08-16T18:04:40.470604 #83439]  INFO -- : 
Request: GET /tests
Handler: TestsController#index
Parameters: {}
Response: 200 [text/html] tests/index.html.erb

I, [2024-08-16T18:04:43.661402 #83439]  INFO -- : 
Request: GET /tests/101
Handler: TestsController#index
Parameters: {}
Response: 200 [text/html] tests/index.html.erb

